<?xml version="1.0" encoding="UTF-8"?>
<!-- Generated by org.testng.reporters.JUnitXMLReporter -->
<testsuite hostname="RAJESH" name="Test" tests="1" failures="0" timestamp="28 Sep 2019 19:47:43 GMT" time="17.224" errors="0">
  <testcase name="@BeforeMethod setup" time="0.0" classname="com.login_pageTest.LoginPageTest">
    <failure type="org.openqa.selenium.SessionNotCreatedException" message="session not created: This version of ChromeDriver only supports Chrome version 75
Build info: version: &amp;apos;3.141.59&amp;apos;, revision: &amp;apos;e82be7d358&amp;apos;, time: &amp;apos;2018-11-14T08:17:03&amp;apos;
System info: host: &amp;apos;RAJESH&amp;apos;, ip: &amp;apos;192.168.1.30&amp;apos;, os.name: &amp;apos;Windows 8&amp;apos;, os.arch: &amp;apos;amd64&amp;apos;, os.version: &amp;apos;6.2&amp;apos;, java.version: &amp;apos;1.8.0_111&amp;apos;
Driver info: driver.version: ChromeDriver
remote stacktrace: Backtrace:
	Ordinal0 [0x00981B43+1448771]
	Ordinal0 [0x00905A31+940593]
	Ordinal0 [0x00892293+467603]
	Ordinal0 [0x0082F27E+62078]
	Ordinal0 [0x0082BBBD+48061]
	Ordinal0 [0x00848D09+167177]
	Ordinal0 [0x008488DD+166109]
	Ordinal0 [0x00846FEB+159723]
	Ordinal0 [0x008309F6+68086]
	Ordinal0 [0x00831990+72080]
	Ordinal0 [0x00831929+71977]
	GetHandleVerifier [0x00AC2E8C+1172172]
	GetHandleVerifier [0x00A1FE55+504469]
	GetHandleVerifier [0x00A1FBF0+503856]
	Ordinal0 [0x0098C9C8+1493448]
	GetHandleVerifier [0x00A2062A+506474]
	Ordinal0 [0x00917156+1012054]
	Ordinal0 [0x00916FCF+1011663]
	Ordinal0 [0x0092135B+1053531]
	Ordinal0 [0x009214C3+1053891]
	Ordinal0 [0x009204F5+1049845]
	BaseThreadInitThunk [0x76618543+14]
	RtlInitializeExceptionChain [0x7709AC69+133]
	RtlInitializeExceptionChain [0x7709AC3C+88]
">
      <![CDATA[org.openqa.selenium.SessionNotCreatedException: session not created: This version of ChromeDriver only supports Chrome version 75
Build info: version: '3.141.59', revision: 'e82be7d358', time: '2018-11-14T08:17:03'
System info: host: 'RAJESH', ip: '192.168.1.30', os.name: 'Windows 8', os.arch: 'amd64', os.version: '6.2', java.version: '1.8.0_111'
Driver info: driver.version: ChromeDriver
remote stacktrace: Backtrace:
	Ordinal0 [0x00981B43+1448771]
	Ordinal0 [0x00905A31+940593]
	Ordinal0 [0x00892293+467603]
	Ordinal0 [0x0082F27E+62078]
	Ordinal0 [0x0082BBBD+48061]
	Ordinal0 [0x00848D09+167177]
	Ordinal0 [0x008488DD+166109]
	Ordinal0 [0x00846FEB+159723]
	Ordinal0 [0x008309F6+68086]
	Ordinal0 [0x00831990+72080]
	Ordinal0 [0x00831929+71977]
	GetHandleVerifier [0x00AC2E8C+1172172]
	GetHandleVerifier [0x00A1FE55+504469]
	GetHandleVerifier [0x00A1FBF0+503856]
	Ordinal0 [0x0098C9C8+1493448]
	GetHandleVerifier [0x00A2062A+506474]
	Ordinal0 [0x00917156+1012054]
	Ordinal0 [0x00916FCF+1011663]
	Ordinal0 [0x0092135B+1053531]
	Ordinal0 [0x009214C3+1053891]
	Ordinal0 [0x009204F5+1049845]
	BaseThreadInitThunk [0x76618543+14]
	RtlInitializeExceptionChain [0x7709AC69+133]
	RtlInitializeExceptionChain [0x7709AC3C+88]

	at org.openqa.selenium.remote.W3CHandshakeResponse.lambda$errorHandler$0(W3CHandshakeResponse.java:62)
	at org.openqa.selenium.remote.HandshakeResponse.lambda$getResponseFunction$0(HandshakeResponse.java:30)
	at org.openqa.selenium.remote.ProtocolHandshake.lambda$createSession$0(ProtocolHandshake.java:126)
	at java.util.stream.ReferencePipeline$3$1.accept(ReferencePipeline.java:193)
	at java.util.Spliterators$ArraySpliterator.tryAdvance(Spliterators.java:958)
	at java.util.stream.ReferencePipeline.forEachWithCancel(ReferencePipeline.java:126)
	at java.util.stream.AbstractPipeline.copyIntoWithCancel(AbstractPipeline.java:498)
	at java.util.stream.AbstractPipeline.copyInto(AbstractPipeline.java:485)
	at java.util.stream.AbstractPipeline.wrapAndCopyInto(AbstractPipeline.java:471)
	at java.util.stream.FindOps$FindOp.evaluateSequential(FindOps.java:152)
	at java.util.stream.AbstractPipeline.evaluate(AbstractPipeline.java:234)
	at java.util.stream.ReferencePipeline.findFirst(ReferencePipeline.java:464)
	at org.openqa.selenium.remote.ProtocolHandshake.createSession(ProtocolHandshake.java:128)
	at org.openqa.selenium.remote.ProtocolHandshake.createSession(ProtocolHandshake.java:74)
	at org.openqa.selenium.remote.HttpCommandExecutor.execute(HttpCommandExecutor.java:136)
	at org.openqa.selenium.remote.service.DriverCommandExecutor.execute(DriverCommandExecutor.java:83)
	at org.openqa.selenium.remote.RemoteWebDriver.execute(RemoteWebDriver.java:552)
	at org.openqa.selenium.remote.RemoteWebDriver.startSession(RemoteWebDriver.java:213)
	at org.openqa.selenium.remote.RemoteWebDriver.<init>(RemoteWebDriver.java:131)
	at org.openqa.selenium.chrome.ChromeDriver.<init>(ChromeDriver.java:181)
	at org.openqa.selenium.chrome.ChromeDriver.<init>(ChromeDriver.java:168)
	at org.openqa.selenium.chrome.ChromeDriver.<init>(ChromeDriver.java:123)
	at com.flip.qa.Base.Base.initilaize(Base.java:41)
	at com.login_pageTest.LoginPageTest.setup(LoginPageTest.java:30)
... Removed 30 stack frames]]>
    </failure>
  </testcase> <!-- @BeforeMethod setup -->
  <testcase name="@AfterMethod testreport" time="0.0" classname="com.login_pageTest.LoginPageTest">
    <skipped/>
  </testcase> <!-- @AfterMethod testreport -->
  <testcase name="@AfterTest tearDown" time="0.0" classname="com.login_pageTest.LoginPageTest">
    <skipped/>
  </testcase> <!-- @AfterTest tearDown -->
  <testcase name="loginTest" time="0.003" classname="com.login_pageTest.LoginPageTest">
    <skipped/>
  </testcase> <!-- loginTest -->
</testsuite> <!-- Test -->
