<?xml version="1.0" encoding="UTF-8"?>
<!-- Generated by org.testng.reporters.JUnitReportReporter -->
<testsuite hostname="RAJESH" name="com.login_pageTest.HomePageflipTest" tests="1" failures="1" timestamp="28 Sep 2019 19:48:51 GMT" time="0.040" errors="0">
  <testcase name="verifyHomepgae" time="0.040" classname="com.login_pageTest.HomePageflipTest">
    <failure type="org.openqa.selenium.SessionNotCreatedException" message="session not created: This version of ChromeDriver only supports Chrome version 75
Build info: version: &#039;3.141.59&#039;, revision: &#039;e82be7d358&#039;, time: &#039;2018-11-14T08:17:03&#039;
System info: host: &#039;RAJESH&#039;, ip: &#039;192.168.1.30&#039;, os.name: &#039;Windows 8&#039;, os.arch: &#039;amd64&#039;, os.version: &#039;6.2&#039;, java.version: &#039;1.8.0_111&#039;
Driver info: driver.version: ChromeDriver
remote stacktrace: Backtrace:
	Ordinal0 [0x00981B43+1448771]
	Ordinal0 [0x00905A31+940593]
	Ordinal0 [0x00892293+467603]
	Ordinal0 [0x0082F27E+62078]
	Ordinal0 [0x0082BBBD+48061]
	Ordinal0 [0x00848D09+167177]
	Ordinal0 [0x008488DD+166109]
	Ordinal0 [0x00846FEB+159723]
	Ordinal0 [0x008309F6+68086]
	Ordinal0 [0x00831990+72080]
	Ordinal0 [0x00831929+71977]
	GetHandleVerifier [0x00AC2E8C+1172172]
	GetHandleVerifier [0x00A1FE55+504469]
	GetHandleVerifier [0x00A1FBF0+503856]
	Ordinal0 [0x0098C9C8+1493448]
	GetHandleVerifier [0x00A2062A+506474]
	Ordinal0 [0x00917156+1012054]
	Ordinal0 [0x00916FCF+1011663]
	Ordinal0 [0x0092135B+1053531]
	Ordinal0 [0x009214C3+1053891]
	Ordinal0 [0x009204F5+1049845]
	BaseThreadInitThunk [0x76618543+14]
	RtlInitializeExceptionChain [0x7709AC69+133]
	RtlInitializeExceptionChain [0x7709AC3C+88]
">
      <![CDATA[org.openqa.selenium.SessionNotCreatedException: session not created: This version of ChromeDriver only supports Chrome version 75
Build info: version: '3.141.59', revision: 'e82be7d358', time: '2018-11-14T08:17:03'
System info: host: 'RAJESH', ip: '192.168.1.30', os.name: 'Windows 8', os.arch: 'amd64', os.version: '6.2', java.version: '1.8.0_111'
Driver info: driver.version: ChromeDriver
remote stacktrace: Backtrace:
	Ordinal0 [0x00981B43+1448771]
	Ordinal0 [0x00905A31+940593]
	Ordinal0 [0x00892293+467603]
	Ordinal0 [0x0082F27E+62078]
	Ordinal0 [0x0082BBBD+48061]
	Ordinal0 [0x00848D09+167177]
	Ordinal0 [0x008488DD+166109]
	Ordinal0 [0x00846FEB+159723]
	Ordinal0 [0x008309F6+68086]
	Ordinal0 [0x00831990+72080]
	Ordinal0 [0x00831929+71977]
	GetHandleVerifier [0x00AC2E8C+1172172]
	GetHandleVerifier [0x00A1FE55+504469]
	GetHandleVerifier [0x00A1FBF0+503856]
	Ordinal0 [0x0098C9C8+1493448]
	GetHandleVerifier [0x00A2062A+506474]
	Ordinal0 [0x00917156+1012054]
	Ordinal0 [0x00916FCF+1011663]
	Ordinal0 [0x0092135B+1053531]
	Ordinal0 [0x009214C3+1053891]
	Ordinal0 [0x009204F5+1049845]
	BaseThreadInitThunk [0x76618543+14]
	RtlInitializeExceptionChain [0x7709AC69+133]
	RtlInitializeExceptionChain [0x7709AC3C+88]

	at sun.reflect.NativeConstructorAccessorImpl.newInstance0(Native Method)
	at sun.reflect.NativeConstructorAccessorImpl.newInstance(NativeConstructorAccessorImpl.java:62)
	at sun.reflect.DelegatingConstructorAccessorImpl.newInstance(DelegatingConstructorAccessorImpl.java:45)
	at java.lang.reflect.Constructor.newInstance(Constructor.java:423)
	at org.openqa.selenium.remote.W3CHandshakeResponse.lambda$errorHandler$0(W3CHandshakeResponse.java:62)
	at org.openqa.selenium.remote.HandshakeResponse.lambda$getResponseFunction$0(HandshakeResponse.java:30)
	at org.openqa.selenium.remote.ProtocolHandshake.lambda$createSession$0(ProtocolHandshake.java:126)
	at java.util.stream.ReferencePipeline$3$1.accept(ReferencePipeline.java:193)
	at java.util.Spliterators$ArraySpliterator.tryAdvance(Spliterators.java:958)
	at java.util.stream.ReferencePipeline.forEachWithCancel(ReferencePipeline.java:126)
	at java.util.stream.AbstractPipeline.copyIntoWithCancel(AbstractPipeline.java:498)
	at java.util.stream.AbstractPipeline.copyInto(AbstractPipeline.java:485)
	at java.util.stream.AbstractPipeline.wrapAndCopyInto(AbstractPipeline.java:471)
	at java.util.stream.FindOps$FindOp.evaluateSequential(FindOps.java:152)
	at java.util.stream.AbstractPipeline.evaluate(AbstractPipeline.java:234)
	at java.util.stream.ReferencePipeline.findFirst(ReferencePipeline.java:464)
	at org.openqa.selenium.remote.ProtocolHandshake.createSession(ProtocolHandshake.java:128)
	at org.openqa.selenium.remote.ProtocolHandshake.createSession(ProtocolHandshake.java:74)
	at org.openqa.selenium.remote.HttpCommandExecutor.execute(HttpCommandExecutor.java:136)
	at org.openqa.selenium.remote.service.DriverCommandExecutor.execute(DriverCommandExecutor.java:83)
	at org.openqa.selenium.remote.RemoteWebDriver.execute(RemoteWebDriver.java:552)
	at org.openqa.selenium.remote.RemoteWebDriver.startSession(RemoteWebDriver.java:213)
	at org.openqa.selenium.remote.RemoteWebDriver.<init>(RemoteWebDriver.java:131)
	at org.openqa.selenium.chrome.ChromeDriver.<init>(ChromeDriver.java:181)
	at org.openqa.selenium.chrome.ChromeDriver.<init>(ChromeDriver.java:168)
	at org.openqa.selenium.chrome.ChromeDriver.<init>(ChromeDriver.java:123)
	at com.flip.qa.Base.Base.initilaize(Base.java:41)
	at com.login_pageTest.HomePageflipTest.setUp(HomePageflipTest.java:24)
	at sun.reflect.NativeMethodAccessorImpl.invoke0(Native Method)
	at sun.reflect.NativeMethodAccessorImpl.invoke(NativeMethodAccessorImpl.java:62)
	at sun.reflect.DelegatingMethodAccessorImpl.invoke(DelegatingMethodAccessorImpl.java:43)
	at java.lang.reflect.Method.invoke(Method.java:498)
	at org.testng.internal.MethodInvocationHelper.invokeMethod(MethodInvocationHelper.java:80)
	at org.testng.internal.Invoker.invokeConfigurationMethod(Invoker.java:564)
	at org.testng.internal.Invoker.invokeConfigurations(Invoker.java:213)
	at org.testng.internal.Invoker.invokeMethod(Invoker.java:653)
	at org.testng.internal.Invoker.invokeTestMethod(Invoker.java:901)
	at org.testng.internal.Invoker.invokeTestMethods(Invoker.java:1231)
	at org.testng.internal.TestMethodWorker.invokeTestMethods(TestMethodWorker.java:127)
	at org.testng.internal.TestMethodWorker.run(TestMethodWorker.java:111)
	at org.testng.TestRunner.privateRun(TestRunner.java:767)
	at org.testng.TestRunner.run(TestRunner.java:617)
	at org.testng.SuiteRunner.runTest(SuiteRunner.java:334)
	at org.testng.SuiteRunner.runSequentially(SuiteRunner.java:329)
	at org.testng.SuiteRunner.privateRun(SuiteRunner.java:291)
	at org.testng.SuiteRunner.run(SuiteRunner.java:240)
	at org.testng.SuiteRunnerWorker.runSuite(SuiteRunnerWorker.java:52)
	at org.testng.SuiteRunnerWorker.run(SuiteRunnerWorker.java:86)
	at org.testng.TestNG.runSuitesSequentially(TestNG.java:1198)
	at org.testng.TestNG.runSuitesLocally(TestNG.java:1123)
	at org.testng.TestNG.run(TestNG.java:1031)
	at org.testng.remote.AbstractRemoteTestNG.run(AbstractRemoteTestNG.java:132)
	at org.testng.remote.RemoteTestNG.initAndRun(RemoteTestNG.java:236)
	at org.testng.remote.RemoteTestNG.main(RemoteTestNG.java:81)
]]>
    </failure>
  </testcase> <!-- verifyHomepgae -->
</testsuite> <!-- com.login_pageTest.HomePageflipTest -->
